<?xml version="1.0" encoding="UTF-8"?>
<testng-results ignored="0" total="1" passed="1" failed="0" skipped="0">
  <reporter-output>
  </reporter-output>
  <suite started-at="2024-04-26T22:20:27 IST" name="Default suite" finished-at="2024-04-26T22:21:10 IST" duration-ms="42777">
    <groups>
    </groups>
    <test started-at="2024-04-26T22:20:27 IST" name="Default test" finished-at="2024-04-26T22:21:10 IST" duration-ms="42777">
      <class name="Ltdemo.LtExample">
        <test-method signature="loginTest()[pri:0, instance:Ltdemo.LtExample@4218d6a3]" started-at="2024-04-26T22:20:27 IST" name="loginTest" finished-at="2024-04-26T22:21:10 IST" duration-ms="42689" status="PASS">
          <reporter-output>
          </reporter-output>
        </test-method> <!-- loginTest -->
      </class> <!-- Ltdemo.LtExample -->
    </test> <!-- Default test -->
  </suite> <!-- Default suite -->
</testng-results>
